build/app/outputs/mapping/release/seeds.txt
com.google.android.gms.measurement.AppMeasurement: java.util.Map getUserProperties(java.lang.String,java.lang.String,boolean)
com.google.android.gms.internal.measurement.zzck$zzb: com.google.android.gms.internal.measurement.zzig zze
com.google.firestore.v1.StructuredQuery$CompositeFilter$Operator: com.google.firestore.v1.StructuredQuery$CompositeFilter$Operator[] values()
com.google.android.gms.measurement.AppMeasurement$ConditionalUserProperty: java.lang.String mExpiredEventName
com.google.firestore.v1.TargetChange
com.google.firestore.v1.StructuredQuery: int LIMIT_FIELD_NUMBER
com.google.android.gms.internal.measurement.zzcd$zzg: long zzv
com.google.firebase.firestore.proto.MaybeDocument: int DOCUMENT_FIELD_NUMBER
com.google.android.gms.internal.measurement.zzcd$zzh: com.google.android.gms.internal.measurement.zzig zze
com.google.android.gms.internal.measurement.zzck$zzb: java.lang.String zzd
com.google.firebase.firestore.proto.WriteBatch
com.google.android.gms.internal.measurement.zzbv$zzb: boolean zzk
com.google.android.gms.internal.firebase-auth-api.zzig
com.google.android.gms.internal.firebase-auth-api.zzij: int zzb
io.flutter.embedding.engine.systemchannels.TextInputChannel$TextCapitalization: io.flutter.embedding.engine.systemchannels.TextInputChannel$TextCapitalization valueOf(java.lang.String)
com.google.firestore.v1.BatchGetDocumentsRequest: int consistencySelectorCase_
io.flutter.plugins.GeneratedPluginRegistrant: GeneratedPluginRegistrant()
com.google.firebase.analytics.FirebaseAnalytics: java.lang.String getFirebaseInstanceId()
com.google.android.gms.internal.firebase-auth-api.zzej: int zzb
com.google.android.gms.internal.firebase-auth-api.zzmq: android.os.Parcelable$Creator CREATOR
com.google.android.gms.internal.firebase-auth-api.zzgn
com.google.firestore.v1.StructuredQuery: com.google.firestore.v1.StructuredQuery$Projection select_
com.google.firebase.firestore.proto.NoDocument: int READ_TIME_FIELD_NUMBER
com.google.firestore.v1.BatchGetDocumentsResponse: int resultCase_
com.google.android.gms.internal.measurement.zzca$zzb
com.google.android.gms.internal.measurement.zzcd$zzd: java.lang.String zzd
com.google.firebase.firestore.FirebaseFirestoreException$Code: com.google.firebase.firestore.FirebaseFirestoreException$Code[] values()
com.google.android.gms.internal.measurement.zzcd$zzg: com.google.android.gms.internal.measurement.zzig zzf
com.google.firestore.v1.Value: java.lang.Object valueType_
androidx.lifecycle.Lifecycle$Event: androidx.lifecycle.Lifecycle$Event ON_START
com.google.firestore.v1.Target: int RESUME_TOKEN_FIELD_NUMBER
com.google.android.gms.internal.firebase-auth-api.zzfe: com.google.android.gms.internal.firebase-auth-api.zzfe zzf
com.google.firestore.v1.StructuredQuery$FieldFilter: com.google.firestore.v1.Value value_
com.google.android.gms.internal.firebase-auth-api.zzig: com.google.android.gms.internal.firebase-auth-api.zzig zzf
com.google.android.gms.internal.firebase-auth-api.zzif
com.google.android.gms.internal.firebase-auth-api.zzgh
com.google.android.gms.internal.measurement.zzhu: com.google.android.gms.internal.measurement.zzhu[] values()
com.google.android.gms.internal.measurement.zzcd$zzk: long zzd
com.google.android.gms.internal.firebase-auth-api.zzxe: android.os.Parcelable$Creator CREATOR
com.google.android.gms.internal.firebase-auth-api.zzfb
io.flutter.plugin.editing.ImeSyncDeferringInsetsCallback: int access$100(io.flutter.plugin.editing.ImeSyncDeferringInsetsCallback)
io.flutter.embedding.engine.FlutterJNI: float refreshRateFPS
com.google.android.gms.internal.measurement.zzbv$zzb: com.google.android.gms.internal.measurement.zzbv$zzd zzh
com.google.firestore.v1.WriteResponse: int STREAM_ID_FIELD_NUMBER
com.google.firestore.v1.StructuredQuery$UnaryFilter
com.google.android.gms.internal.firebase-auth-api.zzev: com.google.android.gms.internal.firebase-auth-api.zzev zzf
androidx.lifecycle.ReportFragment$LifecycleCallbacks: void onActivityPostStarted(android.app.Activity)