build/app/outputs/mapping/release/mapping.txt
# compiler: R8
# compiler_version: 2.1.86
# min_api: 21
# pg_map_id: e1f305b
# common_typos_disable
...
com.google.android.gms.internal.firebase-auth-api.zzaaq -> b.a.a.a.e.g.s:
    com.google.android.gms.internal.firebase-auth-api.zzaaq zzh(com.google.android.gms.internal.firebase-auth-api.zzaar) -> F
    com.google.android.gms.internal.firebase-auth-api.zzaar zzn() -> g
com.google.android.gms.internal.firebase-auth-api.zzaar -> b.a.a.a.e.g.t:
    com.google.android.gms.internal.firebase-auth-api.zzym zzn() -> g
    int zzw() -> k
    void zzv(com.google.android.gms.internal.firebase-auth-api.zzyw) -> l
    com.google.android.gms.internal.firebase-auth-api.zzaaq zzH() -> m
    com.google.android.gms.internal.firebase-auth-api.zzaaq zzG() -> o
com.google.android.gms.internal.firebase-auth-api.zzaas -> b.a.a.a.e.g.u:
    com.google.android.gms.internal.firebase-auth-api.zzaar zzo() -> n
com.google.android.gms.internal.firebase-auth-api.zzaat -> b.a.a.a.e.g.v:
    java.lang.String zza(com.google.android.gms.internal.firebase-auth-api.zzaar,java.lang.String) -> a
    void zzb(java.lang.StringBuilder,int,java.lang.String,java.lang.Object) -> b
    void zzc(com.google.android.gms.internal.firebase-auth-api.zzaar,java.lang.StringBuilder,int) -> c
    java.lang.String zzd(java.lang.String) -> d
com.google.android.gms.internal.firebase-auth-api.zzaau -> b.a.a.a.e.g.w:
    com.google.android.gms.internal.firebase-auth-api.zzabr zzo -> m
    java.lang.Object[] zzd -> b
    int zzl -> j
    int zzm -> k
    int zzf -> d
    com.google.android.gms.internal.firebase-auth-api.zzaam zzr -> o
    int[] zzc -> a
    int zze -> c
    sun.misc.Unsafe zzb -> q
    int[] zzk -> i
    com.google.android.gms.internal.firebase-auth-api.zzzc zzp -> n
    com.google.android.gms.internal.firebase-auth-api.zzaaf zzn -> l
    com.google.android.gms.internal.firebase-auth-api.zzaar zzg -> e
    boolean zzh -> f
    int[] zza -> p
    boolean zzi -> g
    boolean zzj -> h
    boolean zzQ(java.lang.Object,int,int) -> A
    void zzR(java.lang.Object,int,int) -> B
    int zzS(int) -> C
    int zzT(int,int) -> D
    int zzU(int,int) -> E
    void zzV(java.lang.Object,com.google.android.gms.internal.firebase-auth-api.zzyx) -> F
    void zzW(com.google.android.gms.internal.firebase-auth-api.zzyx,int,java.lang.Object,int) -> G
    void zzX(int,java.lang.Object,com.google.android.gms.internal.firebase-auth-api.zzyx) -> H
    com.google.android.gms.internal.firebase-auth-api.zzabs zzg(java.lang.Object) -> I
    int zzh(java.lang.Object,byte[],int,int,int,com.google.android.gms.internal.firebase-auth-api.zzxx) -> J
com.google.android.gms.internal.firebase-auth-api.zzaav -> b.a.a.a.e.g.x:
    com.google.android.gms.internal.firebase-auth-api.zzzc zzd -> d
    com.google.android.gms.internal.firebase-auth-api.zzabr zzb -> b
    com.google.android.gms.internal.firebase-auth-api.zzaar zza -> a
    boolean zzc -> c
    java.lang.Object zza() -> a
    com.google.android.gms.internal.firebase-auth-api.zzaav zzg(com.google.android.gms.internal.firebase-auth-api.zzabr,com.google.android.gms.internal.firebase-auth-api.zzzc,com.google.android.gms.internal.firebase-auth-api.zzaar) -> b
    int zzc(java.lang.Object) -> c
    int zze(java.lang.Object) -> f
    boolean zzb(java.lang.Object,java.lang.Object) -> g
    void zzj(java.lang.Object) -> h
    void zzi(java.lang.Object,byte[],int,int,com.google.android.gms.internal.firebase-auth-api.zzxx) -> i
    void zzf(java.lang.Object,com.google.android.gms.internal.firebase-auth-api.zzabc,com.google.android.gms.internal.firebase-auth-api.zzzb) -> j
    void zzn(java.lang.Object,com.google.android.gms.internal.firebase-auth-api.zzyx) -> k
    boolean zzk(java.lang.Object) -> l
    void zzd(java.lang.Object,java.lang.Object) -> m
com.google.android.gms.internal.firebase-auth-api.zzaaw -> b.a.a.a.e.g.y: