build/app/outputs/mapping/release/usage.txt
com.google.common.collect.AbstractMapBasedMultimap$KeySet
com.google.firebase.analytics.zzc
com.google.common.collect.ImmutableRangeMap$SerializedForm
com.google.android.gms.tasks.SuccessContinuation
androidx.viewpager.R$styleable
com.google.common.cache.LocalCache$AbstractCacheSet
io.flutter.embedding.engine.loader.FlutterLoader:
    public static io.flutter.embedding.engine.loader.FlutterLoader getInstance()
    private java.lang.String fullAssetPathFrom(java.lang.String)
    public void ensureInitializationCompleteAsync(android.content.Context,java.lang.String[],android.os.Handler,java.lang.Runnable)
    public boolean initialized()
    public java.lang.String getLookupKeyForAsset(java.lang.String)
    public java.lang.String getLookupKeyForAsset(java.lang.String,java.lang.String)
    private static final java.lang.String TAG
    private static final java.lang.String OLD_GEN_HEAP_SIZE_META_DATA_KEY
    private static final java.lang.String ENABLE_SKPARAGRAPH_META_DATA_KEY
    static final java.lang.String AOT_SHARED_LIBRARY_NAME
    static final java.lang.String SNAPSHOT_ASSET_PATH_KEY
    static final java.lang.String VM_SNAPSHOT_DATA_KEY
    static final java.lang.String ISOLATE_SNAPSHOT_DATA_KEY
    static final java.lang.String FLUTTER_ASSETS_DIR_KEY
    private static final java.lang.String DEFAULT_LIBRARY
    private static final java.lang.String DEFAULT_KERNEL_BLOB
    private static io.flutter.embedding.engine.loader.FlutterLoader instance
javax.annotation.CheckForNull
com.google.firebase.firestore.DocumentSnapshot:
    private java.lang.Object getTypedValue(java.lang.String,java.lang.Class)
    private java.lang.Object castTypedValue(java.lang.Object,java.lang.String,java.lang.Class)
    private java.lang.Object getInternal(com.google.firebase.firestore.model.FieldPath,com.google.firebase.firestore.DocumentSnapshot$ServerTimestampBehavior)
    public java.lang.String getId()
    com.google.firebase.firestore.model.Document getDocument()
    public java.lang.Object toObject(java.lang.Class)
    public java.lang.Object toObject(java.lang.Class,com.google.firebase.firestore.DocumentSnapshot$ServerTimestampBehavior)
    public boolean contains(java.lang.String)
    public boolean contains(com.google.firebase.firestore.FieldPath)
    public java.lang.Object get(java.lang.String)
    public java.lang.Object get(java.lang.String,com.google.firebase.firestore.DocumentSnapshot$ServerTimestampBehavior)
    public java.lang.Object get(com.google.firebase.firestore.FieldPath)
    public java.lang.Object get(com.google.firebase.firestore.FieldPath,com.google.firebase.firestore.DocumentSnapshot$ServerTimestampBehavior)
    public java.lang.Object get(java.lang.String,java.lang.Class)
    public java.lang.Object get(java.lang.String,java.lang.Class,com.google.firebase.firestore.DocumentSnapshot$ServerTimestampBehavior)
    public java.lang.Object get(com.google.firebase.firestore.FieldPath,java.lang.Class)
com.google.android.gms.internal.auth-api-phone.zzy
com.google.common.primitives.Chars
androidx.core.app.JobIntentService$CompatWorkEnqueuer
com.google.common.collect.AbstractNavigableMap
com.google.protobuf.Utf8:
    private static int incompleteStateFor(java.nio.ByteBuffer,int,int,int)
    static boolean isValidUtf8(java.nio.ByteBuffer)
    static int partialIsValidUtf8(int,java.nio.ByteBuffer,int,int)
    static java.lang.String decodeUtf8(java.nio.ByteBuffer,int,int)
    static void encodeUtf8(java.lang.CharSequence,java.nio.ByteBuffer)
    private static int estimateConsecutiveAscii(java.nio.ByteBuffer,int,int)
    private void <init>()
    static synthetic int access$200(java.nio.ByteBuffer,int,int)
    static synthetic int access$300(java.nio.ByteBuffer,int,int,int)
    private static final long ASCII_MASK_LONG
    static final int MAX_BYTES_PER_CHAR
    public static final int COMPLETE
    public static final int MALFORMED
    private static final int UNSAFE_COUNT_ASCII_THRESHOLD
androidx.activity.R$dimen